
> astro-new@0.0.1 build
> astro build

[2m18:25:23[22m [34m[content][39m Syncing content
[2m18:25:23[22m [34m[content][39m Synced content
[2m18:25:23[22m [34m[types][39m Generated [2m1.69s[22m
[2m18:25:23[22m [34m[build][39m output: [34m"static"[39m
[2m18:25:23[22m [34m[build][39m mode: [34m"static"[39m
[2m18:25:23[22m [34m[build][39m directory: [34mC:\Users\AJAY CHAUDHARI\OneDrive\Downloads\most\Moreweb\astro-new\dist\[39m
[2m18:25:23[22m [34m[build][39m Collecting build info...
[2m18:25:23[22m [34m[build][39m [32mΓ£ô Completed in 2.09s.[39m
[2m18:25:23[22m [34m[build][39m Building static entrypoints...
[2m18:25:30[22m [34m[vite][39m [32mΓ£ô built in 6.51s[39m
[2m18:25:30[22m [34m[build][39m [32mΓ£ô Completed in 6.60s.[39m

[42m[30m building client (vite) [39m[49m
[2m18:25:30[22m [34m[vite][39m transforming...
[2m18:25:41[22m [34m[vite][39m [32mΓ£ô[39m 2269 modules transformed.
[2m18:25:42[22m [34m[vite][39m rendering chunks...
[2m18:25:42[22m [34m[vite][39m computing gzip size...
[2m18:25:42[22m [34m[vite][39m [2mdist/[22m[36m_astro/AdsterraAd.GjKpIm2I.js                                         [39m[1m[2m  0.31 kB[22m[1m[22m[2m Γöé gzip:   0.24 kB[22m
[2m18:25:42[22m [34m[vite][39m [2mdist/[22m[36m_astro/chevron-up.BmXZdwH7.js                                         [39m[1m[2m  0.31 kB[22m[1m[22m[2m Γöé gzip:   0.25 kB[22m
[2m18:25:42[22m [34m[vite][39m [2mdist/[22m[36m_astro/chevron-down.G5rwviK7.js                                       [39m[1m[2m  0.31 kB[22m[1m[22m[2m Γöé gzip:   0.25 kB[22m
[2m18:25:42[22m [34m[vite][39m [2mdist/[22m[36m_astro/x.DabhVYUC.js                                                  [39m[1m[2m  0.34 kB[22m[1m[22m[2m Γöé gzip:   0.26 kB[22m
[2m18:25:42[22m [34m[vite][39m [2mdist/[22m[36m_astro/search.ELt7zotB.js                                             [39m[1m[2m  0.35 kB[22m[1m[22m[2m Γöé gzip:   0.28 kB[22m
[2m18:25:42[22m [34m[vite][39m [2mdist/[22m[36m_astro/list.CBuT750j.js                                               [39m[1m[2m  0.49 kB[22m[1m[22m[2m Γöé gzip:   0.30 kB[22m
[2m18:25:42[22m [34m[vite][39m [2mdist/[22m[36m_astro/textarea.Bx22Qpls.js                                           [39m[1m[2m  0.55 kB[22m[1m[22m[2m Γöé gzip:   0.35 kB[22m
[2m18:25:42[22m [34m[vite][39m [2mdist/[22m[36m_astro/file-text.CA21Qp23.js                                          [39m[1m[2m  0.57 kB[22m[1m[22m[2m Γöé gzip:   0.36 kB[22m
[2m18:25:42[22m [34m[vite][39m [2mdist/[22m[36m_astro/input.N6WvdYrc.js                                              [39m[1m[2m  0.62 kB[22m[1m[22m[2m Γöé gzip:   0.38 kB[22m
[2m18:25:42[22m [34m[vite][39m [2mdist/[22m[36m_astro/ReadingProgress.D_oB0Xil.js                                    [39m[1m[2m  0.66 kB[22m[1m[22m[2m Γöé gzip:   0.41 kB[22m
[2m18:25:42[22m [34m[vite][39m [2mdist/[22m[36m_astro/index.hNTATqXz.js                                              [39m[1m[2m  0.70 kB[22m[1m[22m[2m Γöé gzip:   0.44 kB[22m
[2m18:25:42[22m [34m[vite][39m [2mdist/[22m[36m_astro/SocialShareButtons.B3_jvXVW.js                                 [39m[1m[2m  0.78 kB[22m[1m[22m[2m Γöé gzip:   0.40 kB[22m
[2m18:25:42[22m [34m[vite][39m [2mdist/[22m[36m_astro/TOC.D6RQvSdN.js                                                [39m[1m[2m  0.78 kB[22m[1m[22m[2m Γöé gzip:   0.50 kB[22m
[2m18:25:42[22m [34m[vite][39m [2mdist/[22m[36m_astro/index.bRj-H-Pd.js                                              [39m[1m[2m  0.79 kB[22m[1m[22m[2m Γöé gzip:   0.44 kB[22m
[2m18:25:42[22m [34m[vite][39m [2mdist/[22m[36m_astro/NewsletterForm.BMyk5BS-.js                                     [39m[1m[2m  0.85 kB[22m[1m[22m[2m Γöé gzip:   0.53 kB[22m
[2m18:25:42[22m [34m[vite][39m [2mdist/[22m[36m_astro/jsx-runtime.D3GSbgeI.js                                        [39m[1m[2m  1.00 kB[22m[1m[22m[2m Γöé gzip:   0.62 kB[22m
[2m18:25:42[22m [34m[vite][39m [2mdist/[22m[36m_astro/card.n6V1rV5j.js                                               [39m[1m[2m  1.06 kB[22m[1m[22m[2m Γöé gzip:   0.42 kB[22m
[2m18:25:42[22m [34m[vite][39m [2mdist/[22m[36m_astro/preload-helper.BlTxHScW.js                                     [39m[1m[2m  1.11 kB[22m[1m[22m[2m Γöé gzip:   0.65 kB[22m
[2m18:25:42[22m [34m[vite][39m [2mdist/[22m[36m_astro/index.B0XgNbJl.js                                              [39m[1m[2m  1.38 kB[22m[1m[22m[2m Γöé gzip:   0.69 kB[22m
[2m18:25:42[22m [34m[vite][39m [2mdist/[22m[36m_astro/MobileTOC.CtoDnZE6.js                                          [39m[1m[2m  1.49 kB[22m[1m[22m[2m Γöé gzip:   0.77 kB[22m
[2m18:25:42[22m [34m[vite][39m [2mdist/[22m[36m_astro/createLucideIcon._-Rr-QRo.js                                   [39m[1m[2m  1.86 kB[22m[1m[22m[2m Γöé gzip:   0.80 kB[22m
[2m18:25:42[22m [34m[vite][39m [2mdist/[22m[36m_astro/client.Ct18ADBb.js                                             [39m[1m[2m  1.90 kB[22m[1m[22m[2m Γöé gzip:   0.94 kB[22m
[2m18:25:42[22m [34m[vite][39m [2mdist/[22m[36m_astro/BlogCard.BszO2YAz.js                                           [39m[1m[2m  2.08 kB[22m[1m[22m[2m Γöé gzip:   1.00 kB[22m
[2m18:25:42[22m [34m[vite][39m [2mdist/[22m[36m_astro/index.DKZc7uxb.js                                              [39m[1m[2m  2.26 kB[22m[1m[22m[2m Γöé gzip:   1.02 kB[22m
[2m18:25:42[22m [34m[vite][39m [2mdist/[22m[36m_astro/CompressPDF.D8dCF31o.js                                        [39m[1m[2m  2.30 kB[22m[1m[22m[2m Γöé gzip:   1.11 kB[22m
[2m18:25:42[22m [34m[vite][39m [2mdist/[22m[36m_astro/JpgToPdf.CmJUx19l.js                                           [39m[1m[2m  2.38 kB[22m[1m[22m[2m Γöé gzip:   1.20 kB[22m
[2m18:25:42[22m [34m[vite][39m [2mdist/[22m[36m_astro/BlogClient.BJOIWID1.js                                         [39m[1m[2m  3.26 kB[22m[1m[22m[2m Γöé gzip:   1.44 kB[22m
[2m18:25:42[22m [34m[vite][39m [2mdist/[22m[36m_astro/index.0HoYJarR.js                                              [39m[1m[2m  4.40 kB[22m[1m[22m[2m Γöé gzip:   1.96 kB[22m
[2m18:25:42[22m [34m[vite][39m [2mdist/[22m[36m_astro/TextEditor.BtJfeXh7.js                                         [39m[1m[2m  4.79 kB[22m[1m[22m[2m Γöé gzip:   1.86 kB[22m
[2m18:25:42[22m [34m[vite][39m [2mdist/[22m[36m_astro/MergePDF.CAvD3vY5.js                                           [39m[1m[2m  4.85 kB[22m[1m[22m[2m Γöé gzip:   1.82 kB[22m
[2m18:25:42[22m [34m[vite][39m [2mdist/[22m[36m_astro/ContactPage.CM6WlW1P.js                                        [39m[1m[2m  4.96 kB[22m[1m[22m[2m Γöé gzip:   1.73 kB[22m
[2m18:25:42[22m [34m[vite][39m [2mdist/[22m[36m_astro/button.DoiAnbaY.js                                             [39m[1m[2m  5.23 kB[22m[1m[22m[2m Γöé gzip:   2.34 kB[22m
[2m18:25:42[22m [34m[vite][39m [2mdist/[22m[36m_astro/SplitPDF.Dtva1MhG.js                                           [39m[1m[2m  5.45 kB[22m[1m[22m[2m Γöé gzip:   2.40 kB[22m
[2m18:25:42[22m [34m[vite][39m [2mdist/[22m[36m_astro/index.yBjzXJbu.js                                              [39m[1m[2m  6.79 kB[22m[1m[22m[2m Γöé gzip:   2.72 kB[22m
[2m18:25:42[22m [34m[vite][39m [2mdist/[22m[36m_astro/accordion.DHWi-xw_.js                                          [39m[1m[2m  6.98 kB[22m[1m[22m[2m Γöé gzip:   2.59 kB[22m
[2m18:25:42[22m [34m[vite][39m [2mdist/[22m[36m_astro/Header.NfAc8FcM.js                                             [39m[1m[2m  7.45 kB[22m[1m[22m[2m Γöé gzip:   2.70 kB[22m
[2m18:25:42[22m [34m[vite][39m [2mdist/[22m[36m_astro/ExerciseGenerator.BaC3mBIf.js                                  [39m[1m[2m  8.70 kB[22m[1m[22m[2m Γöé gzip:   2.97 kB[22m
[2m18:25:42[22m [34m[vite][39m [2mdist/[22m[36m_astro/ZoomProvider.DuycQhil.js                                       [39m[1m[2m  9.68 kB[22m[1m[22m[2m Γöé gzip:   3.20 kB[22m
[2m18:25:42[22m [34m[vite][39m [2mdist/[22m[36m_astro/DietGenerator.B6z4l9_Q.js                                      [39m[1m[2m  9.90 kB[22m[1m[22m[2m Γöé gzip:   3.28 kB[22m
[2m18:25:42[22m [34m[vite][39m [2mdist/[22m[36m_astro/ToolsPageClient.CPCQiayk.js                                    [39m[1m[2m 10.30 kB[22m[1m[22m[2m Γöé gzip:   3.34 kB[22m
[2m18:25:42[22m [34m[vite][39m [2mdist/[22m[36m_astro/DateTimeCalculator.CPBtsyW6.js                                 [39m[1m[2m 11.32 kB[22m[1m[22m[2m Γöé gzip:   2.86 kB[22m
[2m18:25:42[22m [34m[vite][39m [2mdist/[22m[36m_astro/CalorieCalculator.DpUEpL91.js                                  [39m[1m[2m 13.35 kB[22m[1m[22m[2m Γöé gzip:   3.40 kB[22m
[2m18:25:42[22m [34m[vite][39m [2mdist/[22m[36m_astro/ClientRouter.astro_astro_type_script_index_0_lang.QW52Ox2j.js  [39m[1m[2m 15.33 kB[22m[1m[22m[2m Γöé gzip:   5.27 kB[22m
[2m18:25:42[22m [34m[vite][39m [2mdist/[22m[36m_astro/EMICalculator.DOIum_mb.js                                      [39m[1m[2m 21.12 kB[22m[1m[22m[2m Γöé gzip:   7.25 kB[22m
[2m18:25:42[22m [34m[vite][39m [2mdist/[22m[36m_astro/purify.es.B6FQ9oRL.js                                          [39m[1m[2m 22.57 kB[22m[1m[22m[2m Γöé gzip:   8.74 kB[22m
[2m18:25:42[22m [34m[vite][39m [2mdist/[22m[36m_astro/BMICalculator.qQfuu9ic.js                                      [39m[1m[2m 24.19 kB[22m[1m[22m[2m Γöé gzip:   6.94 kB[22m
[2m18:25:42[22m [34m[vite][39m [2mdist/[22m[36m_astro/index.D4TosT48.js                                              [39m[1m[2m 25.67 kB[22m[1m[22m[2m Γöé gzip:   9.05 kB[22m
[2m18:25:42[22m [34m[vite][39m [2mdist/[22m[36m_astro/ResumeMaker.OO7AcFnF.js                                        [39m[1m[2m 80.75 kB[22m[1m[22m[2m Γöé gzip:  24.13 kB[22m
[2m18:25:42[22m [34m[vite][39m [2mdist/[22m[36m_astro/index.sGmLo0nR.js                                              [39m[1m[2m134.65 kB[22m[1m[22m[2m Γöé gzip:  43.22 kB[22m
[2m18:25:42[22m [34m[vite][39m [2mdist/[22m[36m_astro/index.es.C-_MPmfK.js                                           [39m[1m[2m159.46 kB[22m[1m[22m[2m Γöé gzip:  53.46 kB[22m
[2m18:25:42[22m [34m[vite][39m [2mdist/[22m[36m_astro/html2canvas.esm.B0tyYwQk.js                                    [39m[1m[2m202.36 kB[22m[1m[22m[2m Γöé gzip:  48.04 kB[22m
[2m18:25:42[22m [34m[vite][39m [2mdist/[22m[36m_astro/jspdf.es.min.DjSkXBpb.js                                       [39m[1m[2m387.80 kB[22m[1m[22m[2m Γöé gzip: 127.28 kB[22m
[2m18:25:42[22m [34m[vite][39m [2mdist/[22m[36m_astro/PDFButton.DewvopvV.js                                          [39m[1m[2m434.99 kB[22m[1m[22m[2m Γöé gzip: 180.12 kB[22m
[2m18:25:42[22m [34m[vite][39m [32mΓ£ô built in 12.11s[39m

[42m[30m generating static routes [39m[49m
[2m18:25:43[22m [32mΓû╢[39m src/pages/404.astro
[2m18:25:43[22m   [34mΓööΓöÇ[39m [2m/404.html[22m[GET] /404.html - 31ms
 [2m(+38ms)[22m 
[2m18:25:43[22m [32mΓû╢[39m src/pages/about.astro
[2m18:25:43[22m   [34mΓööΓöÇ[39m [2m/about.html[22m[GET] /about.html - 15ms
 [2m(+18ms)[22m 
[2m18:25:43[22m [32mΓû╢[39m src/pages/blog/[category]/[slug]/amp.astro
[2m18:25:43[22m   [34mΓö£ΓöÇ[39m [2m/blog/general/male-hair-loss-guide/amp.html[22m[GET] /blog/general/male-hair-loss-guide/amp.html - 12ms
 [2m(+25ms)[22m 
[2m18:25:43[22m   [34mΓö£ΓöÇ[39m [2m/blog/shopping/5g-phones-15000/amp.html[22m[GET] /blog/shopping/5g-phones-15000/amp.html - 7ms
 [2m(+11ms)[22m 
[2m18:25:43[22m   [34mΓö£ΓöÇ[39m [2m/blog/drama/ott-december-2025/amp.html[22m[GET] /blog/drama/ott-december-2025/amp.html - 12ms
 [2m(+18ms)[22m 
[2m18:25:43[22m   [34mΓö£ΓöÇ[39m [2m/blog/drama/must-watch-dramas-2025/amp.html[22m[GET] /blog/drama/must-watch-dramas-2025/amp.html - 14ms
 [2m(+22ms)[22m 
[2m18:25:43[22m   [34mΓö£ΓöÇ[39m [2m/blog/AI/agentic-ai-antigravity/amp.html[22m[GET] /blog/AI/agentic-ai-antigravity/amp.html - 10ms
 [2m(+17ms)[22m 
[2m18:25:43[22m   [34mΓö£ΓöÇ[39m [2m/blog/film/new-movies-2025/amp.html[22m[GET] /blog/film/new-movies-2025/amp.html - 9ms
 [2m(+17ms)[22m 
[2m18:25:43[22m   [34mΓö£ΓöÇ[39m [2m/blog/AI/10-new-ai-image-and-video-tools-late-2025-honest-reviews-you-can-trust/amp.html[22m[GET] /blog/AI/10-new-ai-image-and-video-tools-late-2025-honest-reviews-you-can-trust/amp.html - 3ms
 [2m(+9ms)[22m 
[2m18:25:43[22m   [34mΓö£ΓöÇ[39m [2m/blog/AI/20-powerful-ai-tools-you-should-be-using-right-now/amp.html[22m[GET] /blog/AI/20-powerful-ai-tools-you-should-be-using-right-now/amp.html - 1ms
 [2m(+5ms)[22m 
[2m18:25:43[22m   [34mΓö£ΓöÇ[39m [2m/blog/AI/ai-can-see-your-future-health-problems-before-doctors-1/amp.html[22m[GET] /blog/AI/ai-can-see-your-future-health-problems-before-doctors-1/amp.html - 1ms
 [2m(+9ms)[22m 
[2m18:25:43[22m   [34mΓö£ΓöÇ[39m [2m/blog/shopping/amazon-great-indian-festival-2025/amp.html[22m[GET] /blog/shopping/amazon-great-indian-festival-2025/amp.html - 1ms
 [2m(+4ms)[22m 
[2m18:25:43[22m   [34mΓö£ΓöÇ[39m [2m/blog/general/7-game-changing-strategies-that-actually-work-in-2025/amp.html[22m[GET] /blog/general/7-game-changing-strategies-that-actually-work-in-2025/amp.html - 2ms
 [2m(+7ms)[22m 
[2m18:25:43[22m   [34mΓööΓöÇ[39m [2m/blog/AI/react-19-nextjs-15-what-actually-changed/amp.html[22m[GET] /blog/AI/react-19-nextjs-15-what-actually-changed/amp.html - 1ms
 [2m(+4ms)[22m 
[2m18:25:43[22m [32mΓû╢[39m src/pages/blog/[category]/[slug].astro
[2m18:25:43[22m   [34mΓö£ΓöÇ[39m [2m/blog/general/male-hair-loss-guide.html[22m[GET] /blog/general/male-hair-loss-guide.html - 20ms
 [2m(+22ms)[22m 
[2m18:25:43[22m   [34mΓö£ΓöÇ[39m [2m/blog/shopping/5g-phones-15000.html[22m[GET] /blog/shopping/5g-phones-15000.html - 13ms
 [2m(+17ms)[22m 
[2m18:25:43[22m   [34mΓö£ΓöÇ[39m [2m/blog/drama/ott-december-2025.html[22m[GET] /blog/drama/ott-december-2025.html - 13ms
 [2m(+15ms)[22m 
[2m18:25:43[22m   [34mΓö£ΓöÇ[39m [2m/blog/drama/must-watch-dramas-2025.html[22m[GET] /blog/drama/must-watch-dramas-2025.html - 11ms
 [2m(+14ms)[22m 
[2m18:25:43[22m   [34mΓö£ΓöÇ[39m [2m/blog/AI/agentic-ai-antigravity.html[22m[GET] /blog/AI/agentic-ai-antigravity.html - 8ms
 [2m(+11ms)[22m 
[2m18:25:43[22m   [34mΓö£ΓöÇ[39m [2m/blog/film/new-movies-2025.html[22m[GET] /blog/film/new-movies-2025.html - 13ms
 [2m(+17ms)[22m 
[2m18:25:43[22m   [34mΓö£ΓöÇ[39m [2m/blog/AI/10-new-ai-image-and-video-tools-late-2025-honest-reviews-you-can-trust.html[22m[GET] /blog/AI/10-new-ai-image-and-video-tools-late-2025-honest-reviews-you-can-trust.html - 14ms
 [2m(+18ms)[22m 
[2m18:25:43[22m   [34mΓö£ΓöÇ[39m [2m/blog/AI/20-powerful-ai-tools-you-should-be-using-right-now.html[22m[GET] /blog/AI/20-powerful-ai-tools-you-should-be-using-right-now.html - 9ms
 [2m(+13ms)[22m 
[2m18:25:43[22m   [34mΓö£ΓöÇ[39m [2m/blog/AI/ai-can-see-your-future-health-problems-before-doctors-1.html[22m[GET] /blog/AI/ai-can-see-your-future-health-problems-before-doctors-1.html - 11ms
 [2m(+17ms)[22m 
[2m18:25:43[22m   [34mΓö£ΓöÇ[39m [2m/blog/shopping/amazon-great-indian-festival-2025.html[22m[GET] /blog/shopping/amazon-great-indian-festival-2025.html - 9ms
 [2m(+12ms)[22m 
[2m18:25:43[22m   [34mΓö£ΓöÇ[39m [2m/blog/general/7-game-changing-strategies-that-actually-work-in-2025.html[22m[GET] /blog/general/7-game-changing-strategies-that-actually-work-in-2025.html - 10ms
 [2m(+15ms)[22m 
[2m18:25:43[22m   [34mΓööΓöÇ[39m [2m/blog/AI/react-19-nextjs-15-what-actually-changed.html[22m[GET] /blog/AI/react-19-nextjs-15-what-actually-changed.html - 11ms
 [2m(+14ms)[22m 
[2m18:25:43[22m [32mΓû╢[39m src/pages/blog/[category]/index.astro
[2m18:25:43[22m   [34mΓö£ΓöÇ[39m [2m/blog/general.html[22m[GET] /blog/general.html - 16ms
 [2m(+19ms)[22m 
[2m18:25:43[22m   [34mΓö£ΓöÇ[39m [2m/blog/shopping.html[22m[GET] /blog/shopping.html - 7ms
 [2m(+9ms)[22m 
[2m18:25:43[22m   [34mΓö£ΓöÇ[39m [2m/blog/drama.html[22m[GET] /blog/drama.html - 10ms
 [2m(+12ms)[22m 
[2m18:25:43[22m   [34mΓö£ΓöÇ[39m [2m/blog/AI.html[22m[GET] /blog/AI.html - 27ms
 [2m(+32ms)[22m 
[2m18:25:43[22m   [34mΓööΓöÇ[39m [2m/blog/film.html[22m[GET] /blog/film.html - 9ms
 [2m(+12ms)[22m 
[2m18:25:43[22m [32mΓû╢[39m src/pages/blog/index.astro
[2m18:25:43[22m   [34mΓööΓöÇ[39m [2m/blog.html[22m[GET] /blog.html - 23ms
 [2m(+28ms)[22m 
[2m18:25:43[22m [32mΓû╢[39m src/pages/bmi-calculator.astro
[2m18:25:43[22m   [34mΓööΓöÇ[39m [2m/bmi-calculator.html[22m[GET] /bmi-calculator.html - 10ms
 [2m(+13ms)[22m 
[2m18:25:43[22m [32mΓû╢[39m src/pages/calorie-calculator.astro
[2m18:25:43[22m   [34mΓööΓöÇ[39m [2m/calorie-calculator.html[22m[GET] /calorie-calculator.html - 6ms
 [2m(+8ms)[22m 
[2m18:25:43[22m [32mΓû╢[39m src/pages/contact.astro
[2m18:25:43[22m   [34mΓööΓöÇ[39m [2m/contact.html[22m[GET] /contact.html - 7ms
 [2m(+9ms)[22m 
[2m18:25:43[22m [32mΓû╢[39m src/pages/date-time-calculator.astro
[2m18:25:43[22m   [34mΓööΓöÇ[39m [2m/date-time-calculator.html[22m[GET] /date-time-calculator.html - 10ms
 [2m(+14ms)[22m 
[2m18:25:43[22m [32mΓû╢[39m src/pages/diet-generator.astro
[2m18:25:43[22m   [34mΓööΓöÇ[39m [2m/diet-generator.html[22m[GET] /diet-generator.html - 9ms
 [2m(+12ms)[22m 
[2m18:25:43[22m [32mΓû╢[39m src/pages/docs.astro
[2m18:25:43[22m   [34mΓööΓöÇ[39m [2m/docs.html[22m[GET] /docs.html - 9ms
 [2m(+13ms)[22m 
[2m18:25:43[22m [32mΓû╢[39m src/pages/emi-calculator.astro
[2m18:25:43[22m   [34mΓööΓöÇ[39m [2m/emi-calculator.html[22m[GET] /emi-calculator.html - 16ms
 [2m(+19ms)[22m 
[2m18:25:43[22m [32mΓû╢[39m src/pages/exercise-generator.astro
[2m18:25:43[22m   [34mΓööΓöÇ[39m [2m/exercise-generator.html[22m[GET] /exercise-generator.html - 8ms
 [2m(+11ms)[22m 
[2m18:25:43[22m [32mΓû╢[39m src/pages/faq.astro
[2m18:25:43[22m   [34mΓööΓöÇ[39m [2m/faq.html[22m[GET] /faq.html - 7ms
 [2m(+10ms)[22m 
[2m18:25:44[22m [32mΓû╢[39m src/pages/pdf-tools/compress.astro
[2m18:25:44[22m   [34mΓööΓöÇ[39m [2m/pdf-tools/compress.html[22m[GET] /pdf-tools/compress.html - 5ms
 [2m(+8ms)[22m 
[2m18:25:44[22m [32mΓû╢[39m src/pages/pdf-tools/jpg-to-pdf.astro
[2m18:25:44[22m   [34mΓööΓöÇ[39m [2m/pdf-tools/jpg-to-pdf.html[22m[GET] /pdf-tools/jpg-to-pdf.html - 3ms
 [2m(+6ms)[22m 
[2m18:25:44[22m [32mΓû╢[39m src/pages/pdf-tools/merge.astro
[2m18:25:44[22m   [34mΓööΓöÇ[39m [2m/pdf-tools/merge.html[22m[GET] /pdf-tools/merge.html - 12ms
 [2m(+15ms)[22m 
[2m18:25:44[22m [32mΓû╢[39m src/pages/pdf-tools/split.astro
[2m18:25:44[22m   [34mΓööΓöÇ[39m [2m/pdf-tools/split.html[22m[GET] /pdf-tools/split.html - 9ms
 [2m(+13ms)[22m 
[2m18:25:44[22m [32mΓû╢[39m src/pages/pdf-tools/index.astro
[2m18:25:44[22m   [34mΓööΓöÇ[39m [2m/pdf-tools.html[22m[GET] /pdf-tools.html - 15ms
 [2m(+19ms)[22m 
[2m18:25:44[22m [32mΓû╢[39m src/pages/privacy.astro
[2m18:25:44[22m   [34mΓööΓöÇ[39m [2m/privacy.html[22m[GET] /privacy.html - 7ms
 [2m(+11ms)[22m 
[2m18:25:44[22m [32mΓû╢[39m src/pages/resume-maker.astro
[2m18:25:44[22m   [34mΓööΓöÇ[39m [2m/resume-maker.html[22m[GET] /resume-maker.html - 8ms
 [2m(+10ms)[22m 
[2m18:25:44[22m [32mΓû╢[39m src/pages/terms.astro
[2m18:25:44[22m   [34mΓööΓöÇ[39m [2m/terms.html[22m[GET] /terms.html - 5ms
 [2m(+14ms)[22m 
[2m18:25:44[22m [32mΓû╢[39m src/pages/text-editor.astro
[2m18:25:44[22m   [34mΓööΓöÇ[39m [2m/text-editor.html[22m[GET] /text-editor.html - 5ms
 [2m(+10ms)[22m 
[2m18:25:44[22m [32mΓû╢[39m src/pages/tools/index.astro
[2m18:25:44[22m   [34mΓööΓöÇ[39m [2m/tools.html[22m[GET] /tools.html - 13ms
 [2m(+16ms)[22m 
[2m18:25:44[22m [32mΓû╢[39m src/pages/index.astro
[2m18:25:44[22m   [34mΓööΓöÇ[39m [2m/index.html[22m[GET] / - 23ms
 [2m(+26ms)[22m 
[2m18:25:44[22m [32mΓ£ô Completed in 1.97s.
[39m
[2m18:25:44[22m [34m[@astrojs/sitemap][39m `sitemap-index.xml` created at `dist`
[2m18:25:44[22m [34m[build][39m 52 page(s) built in [1m23.11s[22m
[2m18:25:44[22m [34m[build][39m [1mComplete![22m
