
> astro-new@0.0.1 build
> astro build

[2m18:40:24[22m [34m[content][39m Syncing content
[2m18:40:24[22m [34m[content][39m Synced content
[2m18:40:24[22m [34m[types][39m Generated [2m906ms[22m
[2m18:40:24[22m [34m[build][39m output: [34m"static"[39m
[2m18:40:24[22m [34m[build][39m mode: [34m"static"[39m
[2m18:40:24[22m [34m[build][39m directory: [34mC:\Users\AJAY CHAUDHARI\OneDrive\Downloads\most\Moreweb\astro-new\dist\[39m
[2m18:40:24[22m [34m[build][39m Collecting build info...
[2m18:40:25[22m [34m[build][39m [32mΓ£ô Completed in 1.18s.[39m
[2m18:40:25[22m [34m[build][39m Building static entrypoints...
[2m18:40:30[22m [34m[vite][39m [32mΓ£ô built in 5.66s[39m
[2m18:40:30[22m [34m[build][39m [32mΓ£ô Completed in 5.75s.[39m

[42m[30m building client (vite) [39m[49m
[2m18:40:30[22m [34m[vite][39m transforming...
[2m18:40:39[22m [34m[vite][39m [32mΓ£ô[39m 2269 modules transformed.
[2m18:40:40[22m [34m[vite][39m rendering chunks...
[2m18:40:41[22m [34m[vite][39m computing gzip size...
[2m18:40:41[22m [34m[vite][39m [2mdist/[22m[36m_astro/AdsterraAd.GjKpIm2I.js                                         [39m[1m[2m  0.31 kB[22m[1m[22m[2m Γöé gzip:   0.24 kB[22m
[2m18:40:41[22m [34m[vite][39m [2mdist/[22m[36m_astro/chevron-up.BmXZdwH7.js                                         [39m[1m[2m  0.31 kB[22m[1m[22m[2m Γöé gzip:   0.25 kB[22m
[2m18:40:41[22m [34m[vite][39m [2mdist/[22m[36m_astro/chevron-down.G5rwviK7.js                                       [39m[1m[2m  0.31 kB[22m[1m[22m[2m Γöé gzip:   0.25 kB[22m
[2m18:40:41[22m [34m[vite][39m [2mdist/[22m[36m_astro/x.DabhVYUC.js                                                  [39m[1m[2m  0.34 kB[22m[1m[22m[2m Γöé gzip:   0.26 kB[22m
[2m18:40:41[22m [34m[vite][39m [2mdist/[22m[36m_astro/search.ELt7zotB.js                                             [39m[1m[2m  0.35 kB[22m[1m[22m[2m Γöé gzip:   0.28 kB[22m
[2m18:40:41[22m [34m[vite][39m [2mdist/[22m[36m_astro/list.CBuT750j.js                                               [39m[1m[2m  0.49 kB[22m[1m[22m[2m Γöé gzip:   0.30 kB[22m
[2m18:40:41[22m [34m[vite][39m [2mdist/[22m[36m_astro/textarea.Bx22Qpls.js                                           [39m[1m[2m  0.55 kB[22m[1m[22m[2m Γöé gzip:   0.35 kB[22m
[2m18:40:41[22m [34m[vite][39m [2mdist/[22m[36m_astro/file-text.CA21Qp23.js                                          [39m[1m[2m  0.57 kB[22m[1m[22m[2m Γöé gzip:   0.36 kB[22m
[2m18:40:41[22m [34m[vite][39m [2mdist/[22m[36m_astro/input.N6WvdYrc.js                                              [39m[1m[2m  0.62 kB[22m[1m[22m[2m Γöé gzip:   0.38 kB[22m
[2m18:40:41[22m [34m[vite][39m [2mdist/[22m[36m_astro/ReadingProgress.D_oB0Xil.js                                    [39m[1m[2m  0.66 kB[22m[1m[22m[2m Γöé gzip:   0.41 kB[22m
[2m18:40:41[22m [34m[vite][39m [2mdist/[22m[36m_astro/index.hNTATqXz.js                                              [39m[1m[2m  0.70 kB[22m[1m[22m[2m Γöé gzip:   0.44 kB[22m
[2m18:40:41[22m [34m[vite][39m [2mdist/[22m[36m_astro/SocialShareButtons.B3_jvXVW.js                                 [39m[1m[2m  0.78 kB[22m[1m[22m[2m Γöé gzip:   0.40 kB[22m
[2m18:40:41[22m [34m[vite][39m [2mdist/[22m[36m_astro/TOC.D6RQvSdN.js                                                [39m[1m[2m  0.78 kB[22m[1m[22m[2m Γöé gzip:   0.50 kB[22m
[2m18:40:41[22m [34m[vite][39m [2mdist/[22m[36m_astro/index.bRj-H-Pd.js                                              [39m[1m[2m  0.79 kB[22m[1m[22m[2m Γöé gzip:   0.44 kB[22m
[2m18:40:41[22m [34m[vite][39m [2mdist/[22m[36m_astro/NewsletterForm.BMyk5BS-.js                                     [39m[1m[2m  0.85 kB[22m[1m[22m[2m Γöé gzip:   0.53 kB[22m
[2m18:40:41[22m [34m[vite][39m [2mdist/[22m[36m_astro/jsx-runtime.D3GSbgeI.js                                        [39m[1m[2m  1.00 kB[22m[1m[22m[2m Γöé gzip:   0.62 kB[22m
[2m18:40:41[22m [34m[vite][39m [2mdist/[22m[36m_astro/card.n6V1rV5j.js                                               [39m[1m[2m  1.06 kB[22m[1m[22m[2m Γöé gzip:   0.42 kB[22m
[2m18:40:41[22m [34m[vite][39m [2mdist/[22m[36m_astro/preload-helper.BlTxHScW.js                                     [39m[1m[2m  1.11 kB[22m[1m[22m[2m Γöé gzip:   0.65 kB[22m
[2m18:40:41[22m [34m[vite][39m [2mdist/[22m[36m_astro/index.B0XgNbJl.js                                              [39m[1m[2m  1.38 kB[22m[1m[22m[2m Γöé gzip:   0.69 kB[22m
[2m18:40:41[22m [34m[vite][39m [2mdist/[22m[36m_astro/MobileTOC.CtoDnZE6.js                                          [39m[1m[2m  1.49 kB[22m[1m[22m[2m Γöé gzip:   0.77 kB[22m
[2m18:40:41[22m [34m[vite][39m [2mdist/[22m[36m_astro/createLucideIcon._-Rr-QRo.js                                   [39m[1m[2m  1.86 kB[22m[1m[22m[2m Γöé gzip:   0.80 kB[22m
[2m18:40:41[22m [34m[vite][39m [2mdist/[22m[36m_astro/client.Ct18ADBb.js                                             [39m[1m[2m  1.90 kB[22m[1m[22m[2m Γöé gzip:   0.94 kB[22m
[2m18:40:41[22m [34m[vite][39m [2mdist/[22m[36m_astro/BlogCard.DOQlBV3A.js                                           [39m[1m[2m  2.12 kB[22m[1m[22m[2m Γöé gzip:   1.02 kB[22m
[2m18:40:41[22m [34m[vite][39m [2mdist/[22m[36m_astro/index.DKZc7uxb.js                                              [39m[1m[2m  2.26 kB[22m[1m[22m[2m Γöé gzip:   1.02 kB[22m
[2m18:40:41[22m [34m[vite][39m [2mdist/[22m[36m_astro/CompressPDF.D8dCF31o.js                                        [39m[1m[2m  2.30 kB[22m[1m[22m[2m Γöé gzip:   1.11 kB[22m
[2m18:40:41[22m [34m[vite][39m [2mdist/[22m[36m_astro/JpgToPdf.CmJUx19l.js                                           [39m[1m[2m  2.38 kB[22m[1m[22m[2m Γöé gzip:   1.20 kB[22m
[2m18:40:41[22m [34m[vite][39m [2mdist/[22m[36m_astro/BlogClient.D_eXI2QJ.js                                         [39m[1m[2m  3.26 kB[22m[1m[22m[2m Γöé gzip:   1.44 kB[22m
[2m18:40:41[22m [34m[vite][39m [2mdist/[22m[36m_astro/index.0HoYJarR.js                                              [39m[1m[2m  4.40 kB[22m[1m[22m[2m Γöé gzip:   1.96 kB[22m
[2m18:40:41[22m [34m[vite][39m [2mdist/[22m[36m_astro/TextEditor.BtJfeXh7.js                                         [39m[1m[2m  4.79 kB[22m[1m[22m[2m Γöé gzip:   1.86 kB[22m
[2m18:40:41[22m [34m[vite][39m [2mdist/[22m[36m_astro/MergePDF.CAvD3vY5.js                                           [39m[1m[2m  4.85 kB[22m[1m[22m[2m Γöé gzip:   1.82 kB[22m
[2m18:40:41[22m [34m[vite][39m [2mdist/[22m[36m_astro/ContactPage.CM6WlW1P.js                                        [39m[1m[2m  4.96 kB[22m[1m[22m[2m Γöé gzip:   1.73 kB[22m
[2m18:40:41[22m [34m[vite][39m [2mdist/[22m[36m_astro/button.DoiAnbaY.js                                             [39m[1m[2m  5.23 kB[22m[1m[22m[2m Γöé gzip:   2.34 kB[22m
[2m18:40:41[22m [34m[vite][39m [2mdist/[22m[36m_astro/SplitPDF.Dtva1MhG.js                                           [39m[1m[2m  5.45 kB[22m[1m[22m[2m Γöé gzip:   2.40 kB[22m
[2m18:40:41[22m [34m[vite][39m [2mdist/[22m[36m_astro/index.yBjzXJbu.js                                              [39m[1m[2m  6.79 kB[22m[1m[22m[2m Γöé gzip:   2.72 kB[22m
[2m18:40:41[22m [34m[vite][39m [2mdist/[22m[36m_astro/accordion.DHWi-xw_.js                                          [39m[1m[2m  6.98 kB[22m[1m[22m[2m Γöé gzip:   2.59 kB[22m
[2m18:40:41[22m [34m[vite][39m [2mdist/[22m[36m_astro/Header.NfAc8FcM.js                                             [39m[1m[2m  7.45 kB[22m[1m[22m[2m Γöé gzip:   2.70 kB[22m
[2m18:40:41[22m [34m[vite][39m [2mdist/[22m[36m_astro/ExerciseGenerator.BaC3mBIf.js                                  [39m[1m[2m  8.70 kB[22m[1m[22m[2m Γöé gzip:   2.97 kB[22m
[2m18:40:41[22m [34m[vite][39m [2mdist/[22m[36m_astro/ZoomProvider.DuycQhil.js                                       [39m[1m[2m  9.68 kB[22m[1m[22m[2m Γöé gzip:   3.20 kB[22m
[2m18:40:41[22m [34m[vite][39m [2mdist/[22m[36m_astro/DietGenerator.B6z4l9_Q.js                                      [39m[1m[2m  9.90 kB[22m[1m[22m[2m Γöé gzip:   3.28 kB[22m
[2m18:40:41[22m [34m[vite][39m [2mdist/[22m[36m_astro/ToolsPageClient.CPCQiayk.js                                    [39m[1m[2m 10.30 kB[22m[1m[22m[2m Γöé gzip:   3.34 kB[22m
[2m18:40:41[22m [34m[vite][39m [2mdist/[22m[36m_astro/DateTimeCalculator.CPBtsyW6.js                                 [39m[1m[2m 11.32 kB[22m[1m[22m[2m Γöé gzip:   2.86 kB[22m
[2m18:40:41[22m [34m[vite][39m [2mdist/[22m[36m_astro/CalorieCalculator.DpUEpL91.js                                  [39m[1m[2m 13.35 kB[22m[1m[22m[2m Γöé gzip:   3.40 kB[22m
[2m18:40:41[22m [34m[vite][39m [2mdist/[22m[36m_astro/ClientRouter.astro_astro_type_script_index_0_lang.QW52Ox2j.js  [39m[1m[2m 15.33 kB[22m[1m[22m[2m Γöé gzip:   5.27 kB[22m
[2m18:40:41[22m [34m[vite][39m [2mdist/[22m[36m_astro/EMICalculator.DOIum_mb.js                                      [39m[1m[2m 21.12 kB[22m[1m[22m[2m Γöé gzip:   7.25 kB[22m
[2m18:40:41[22m [34m[vite][39m [2mdist/[22m[36m_astro/purify.es.B6FQ9oRL.js                                          [39m[1m[2m 22.57 kB[22m[1m[22m[2m Γöé gzip:   8.74 kB[22m
[2m18:40:41[22m [34m[vite][39m [2mdist/[22m[36m_astro/BMICalculator.qQfuu9ic.js                                      [39m[1m[2m 24.19 kB[22m[1m[22m[2m Γöé gzip:   6.94 kB[22m
[2m18:40:41[22m [34m[vite][39m [2mdist/[22m[36m_astro/index.D4TosT48.js                                              [39m[1m[2m 25.67 kB[22m[1m[22m[2m Γöé gzip:   9.05 kB[22m
[2m18:40:41[22m [34m[vite][39m [2mdist/[22m[36m_astro/ResumeMaker.OO7AcFnF.js                                        [39m[1m[2m 80.75 kB[22m[1m[22m[2m Γöé gzip:  24.13 kB[22m
[2m18:40:41[22m [34m[vite][39m [2mdist/[22m[36m_astro/index.sGmLo0nR.js                                              [39m[1m[2m134.65 kB[22m[1m[22m[2m Γöé gzip:  43.22 kB[22m
[2m18:40:41[22m [34m[vite][39m [2mdist/[22m[36m_astro/index.es.C-_MPmfK.js                                           [39m[1m[2m159.46 kB[22m[1m[22m[2m Γöé gzip:  53.46 kB[22m
[2m18:40:41[22m [34m[vite][39m [2mdist/[22m[36m_astro/html2canvas.esm.B0tyYwQk.js                                    [39m[1m[2m202.36 kB[22m[1m[22m[2m Γöé gzip:  48.04 kB[22m
[2m18:40:41[22m [34m[vite][39m [2mdist/[22m[36m_astro/jspdf.es.min.DjSkXBpb.js                                       [39m[1m[2m387.80 kB[22m[1m[22m[2m Γöé gzip: 127.28 kB[22m
[2m18:40:41[22m [34m[vite][39m [2mdist/[22m[36m_astro/PDFButton.DewvopvV.js                                          [39m[1m[2m434.99 kB[22m[1m[22m[2m Γöé gzip: 180.12 kB[22m
[2m18:40:41[22m [34m[vite][39m [32mΓ£ô built in 10.25s[39m

[42m[30m generating static routes [39m[49m
[2m18:40:41[22m [32mΓû╢[39m src/pages/404.astro
[2m18:40:41[22m   [34mΓööΓöÇ[39m [2m/404.html[22m[GET] /404.html - 41ms
 [2m(+48ms)[22m 
[2m18:40:41[22m [32mΓû╢[39m src/pages/about.astro
[2m18:40:41[22m   [34mΓööΓöÇ[39m [2m/about.html[22m[GET] /about.html - 13ms
 [2m(+18ms)[22m 
[2m18:40:41[22m [32mΓû╢[39m src/pages/blog/[category]/[slug]/amp.astro
Invalid category for: health/male-hair-loss-guide
Invalid category for: news/tech-news-today
[33m[1m18:40:41[22m [WARN] [router][39m getStaticPaths() returned an invalid path param: "category". A string, number or undefined value was expected, but got `null`.
[33m[1m18:40:41[22m [WARN] [router][39m getStaticPaths() returned an invalid path param: "category". A string, number or undefined value was expected, but got `null`.
18:40:41 [ERROR] [build] Failed to call getStaticPaths for src/pages/blog/[category]/[slug]/amp.astro
[GetStaticPathsInvalidRouteParam] Invalid getStaticPaths route parameter for `category`. Expected undefined, a string or a number, received `object` (`null`)
  Hint:
    See https://docs.astro.build/en/reference/routing-reference/#getstaticpaths for more information on getStaticPaths.
  Error reference:
    https://docs.astro.build/en/reference/errors/get-static-paths-invalid-route-param/
  Location:
    src/pages/blog/[category]/[slug]/amp.astro:0:0
  Stack trace:
    at validateGetStaticPathsParameter (file:///C:/Users/AJAY%20CHAUDHARI/OneDrive/Downloads/most/Moreweb/astro-new/node_modules/.pnpm/astro@5.16.4_@types+node@20_bccaad20a60f9e7d3c60d76f91bc73c4/node_modules/astro/dist/core/routing/validation.js:5:11)
    at Array.reduce (<anonymous>)
    at callGetStaticPaths (file:///C:/Users/AJAY%20CHAUDHARI/OneDrive/Downloads/most/Moreweb/astro-new/node_modules/.pnpm/astro@5.16.4_@types+node@20_bccaad20a60f9e7d3c60d76f91bc73c4/node_modules/astro/dist/core/render/route-cache.js:39:23)
    at async generatePage (file:///C:/Users/AJAY%20CHAUDHARI/OneDrive/Downloads/most/Moreweb/astro-new/node_modules/.pnpm/astro@5.16.4_@types+node@20_bccaad20a60f9e7d3c60d76f91bc73c4/node_modules/astro/dist/core/build/generate.js:181:19)
    at async staticBuild (file:///C:/Users/AJAY%20CHAUDHARI/OneDrive/Downloads/most/Moreweb/astro-new/node_modules/.pnpm/astro@5.16.4_@types+node@20_bccaad20a60f9e7d3c60d76f91bc73c4/node_modules/astro/dist/core/build/static-build.js:87:5)
