
> astro-new@0.0.1 dev
> astro dev

[2m20:43:40[22m [34m[types][39m Generated [2m5ms[22m
[2m20:43:41[22m [34m[content][39m Syncing content
[2m20:43:41[22m [34m[content][39m Synced content
[2m20:43:41[22m [34m[vite][39m Port 4321 is in use, trying another one...
[2m20:43:41[22m [34m[vite][39m Port 4322 is in use, trying another one...

[42m[1m astro [22m[49m [32mv5.16.4[39m [2mready in[22m 3076 [2mms[22m

[2mΓöâ[22m Local    [36mhttp://localhost:4323/[39m
[2mΓöâ[22m Network  [2muse --host to expose[22m

[2m20:43:41[22m [32mwatching for file changes...[39m
[2m20:44:22[22m [34m[vite][39m changed tsconfig file detected: C:/Users/AJAY CHAUDHARI/OneDrive/Downloads/most/Moreweb/astro-new/tsconfig.json - Clearing cache and forcing full-reload to ensure TypeScript is compiled with updated config values.
[2m20:44:22[22m Configuration file updated. Restarting...
[2m20:44:23[22m [34m[vite][39m Re-optimizing dependencies because vite config has changed
[2m20:44:25[22m [34m[content][39m Syncing content
[2m20:44:25[22m [34m[content][39m Synced content
[2m20:44:25[22m [34m[types][39m Generated [2m2.97s[22m
[2m20:44:25[22m [34m[vite][39m Port 4321 is in use, trying another one...
[2m20:44:25[22m [34m[vite][39m Port 4322 is in use, trying another one...
20:44:27 [ERROR] [vite] Error: The following dependencies are imported but could not be resolved:

  next-themes (imported by C:/Users/AJAY CHAUDHARI/OneDrive/Downloads/most/Moreweb/astro-new/src/components/ThemeProvider.tsx)

Are they installed?
    at file:///C:/Users/AJAY%20CHAUDHARI/OneDrive/Downloads/most/Moreweb/astro-new/node_modules/.pnpm/vite@6.4.1_@types+node@20.1_fc865889e075084269a8d89ae2e95d7a/node_modules/vite/dist/node/chunks/dep-D4NMHUTW.js:14849:15
    at process.processTicksAndRejections (node:internal/process/task_queues:105:5)
    at async file:///C:/Users/AJAY%20CHAUDHARI/OneDrive/Downloads/most/Moreweb/astro-new/node_modules/.pnpm/vite@6.4.1_@types+node@20.1_fc865889e075084269a8d89ae2e95d7a/node_modules/vite/dist/node/chunks/dep-D4NMHUTW.js:47014:28
[2m21:02:41[22m Configuration file updated. Restarting...
[2m21:02:44[22m [34m[vite][39m Re-optimizing dependencies because vite config has changed
[2m21:02:49[22m [34m[content][39m Syncing content
[2m21:02:49[22m [34m[content][39m Astro config changed
[2m21:02:49[22m [34m[content][39m Clearing content store
[2m21:02:55[22m [34m[content][39m Synced content
[2m21:02:55[22m [34m[types][39m Generated [2m12.25s[22m
[2m21:02:55[22m [34m[vite][39m Port 4321 is in use, trying another one...
[2m21:20:34[22m Configuration file updated. Restarting...
[2m21:20:36[22m [34m[vite][39m Re-optimizing dependencies because vite config has changed
[2m21:20:43[22m [34m[content][39m Syncing content
[2m21:20:43[22m [34m[content][39m Astro config changed
[2m21:20:43[22m [34m[content][39m Clearing content store
[2m21:20:48[22m [34m[content][39m Synced content
[2m21:20:48[22m [34m[types][39m Generated [2m12.53s[22m
[2m21:20:48[22m [34m[vite][39m Re-optimizing dependencies because vite config has changed
[2m21:33:57[22m Configuration file updated. Restarting...
[2m21:34:01[22m [34m[vite][39m Re-optimizing dependencies because vite config has changed
[2m21:34:13[22m [34m[content][39m Syncing content
[2m21:34:13[22m [34m[content][39m Astro config changed
[2m21:34:13[22m [34m[content][39m Clearing content store
[2m21:34:19[22m [34m[content][39m Synced content
[2m21:34:19[22m [34m[types][39m Generated [2m19.35s[22m
[2m21:34:19[22m [34m[vite][39m Re-optimizing dependencies because vite config has changed
[2m21:34:28[22m Configuration file updated. Restarting...
[2m21:34:36[22m [34m[content][39m Syncing content
[2m21:34:37[22m [34m[content][39m Synced content
[2m21:34:37[22m [34m[types][39m Generated [2m6.55s[22m
[2m21:34:37[22m [34m[vite][39m Port 4321 is in use, trying another one...
[2m21:34:37[22m [34m[vite][39m Port 4322 is in use, trying another one...
[2m21:41:40[22m Configuration file updated. Restarting...
[2m21:41:41[22m [34m[vite][39m Re-optimizing dependencies because vite config has changed
[2m21:41:44[22m [34m[content][39m Syncing content
[2m21:41:44[22m [34m[content][39m Synced content
[2m21:41:44[22m [34m[types][39m Generated [2m3.24s[22m
